<?xml version="1.0" encoding="UTF-8"?>
<!-- Generated by org.testng.reporters.JUnitXMLReporter -->
<testsuite ignored="8" hostname="abhishekrb" failures="0" tests="1" name="Test(failed)(failed)" time="0.774" errors="0" timestamp="2023-06-26T22:27:27 IST">
  <testcase classname="test_NG1.ExcludeMethods" name="Method1" time="0.114"/>
  <testcase classname="test_NG1.ExcludeMethods" name="Method2" time="0.0">
    <ignored/>
  </testcase> <!-- Method2 -->
  <testcase classname="test_NG1.ExcludeMethods" name="Method4" time="0.0">
    <ignored/>
  </testcase> <!-- Method4 -->
  <testcase classname="test_NG1.ExcludeMethods" name="Method3" time="0.0">
    <ignored/>
  </testcase> <!-- Method3 -->
  <testcase classname="test_NG1.ExcludeMethods" name="Method6" time="0.0">
    <ignored/>
  </testcase> <!-- Method6 -->
  <testcase classname="test_NG1.ExcludeMethods" name="Method5" time="0.0">
    <ignored/>
  </testcase> <!-- Method5 -->
  <testcase classname="test_NG1.ExcludeMethods" name="Method8" time="0.0">
    <ignored/>
  </testcase> <!-- Method8 -->
  <testcase classname="test_NG1.ExcludeMethods" name="Method7" time="0.0">
    <ignored/>
  </testcase> <!-- Method7 -->
  <testcase classname="test_NG1.ExcludeMethods" name="Method9" time="0.0">
    <ignored/>
  </testcase> <!-- Method9 -->
</testsuite> <!-- Test(failed)(failed) -->
