<?xml version="1.0" encoding="UTF-8"?>
<!-- Generated by org.testng.reporters.JUnitXMLReporter -->
<testsuite ignored="1" hostname="abhishekrb" failures="1" tests="8" name="Test" time="1.054" errors="0" timestamp="2023-06-26T22:23:50 IST">
  <testcase classname="test_NG1.ExcludeMethods" name="Method9" time="0.071"/>
  <testcase classname="test_NG1.ExcludeMethods" name="Method8" time="0.019"/>
  <testcase classname="test_NG1.ExcludeMethods" name="Method7" time="0.02"/>
  <testcase classname="test_NG1.ExcludeMethods" name="Method6" time="0.022"/>
  <testcase classname="test_NG1.ExcludeMethods" name="Method5" time="0.023"/>
  <testcase classname="test_NG1.ExcludeMethods" name="Method4" time="0.018"/>
  <testcase classname="test_NG1.ExcludeMethods" name="Method3" time="0.014"/>
  <testcase classname="test_NG1.ExcludeMethods" name="Method1" time="0.025">
    <failure type="java.lang.AssertionError" message="null">
      <![CDATA[java.lang.AssertionError: null
at test_NG1.ExcludeMethods.Method1(ExcludeMethods.java:12)
at java.base/java.util.ArrayList.forEach(ArrayList.java:1511)
... Removed 29 stack frames]]>
    </failure>
  </testcase> <!-- Method1 -->
  <testcase classname="test_NG1.ExcludeMethods" name="Method2" time="0.0">
    <ignored/>
  </testcase> <!-- Method2 -->
</testsuite> <!-- Test -->
