<?xml version="1.0" encoding="UTF-8"?>
<!-- Generated by org.testng.reporters.JUnitXMLReporter -->
<testsuite ignored="4" hostname="abhishekrb" failures="1" tests="7" name="Test" time="0.842" errors="0" timestamp="2023-08-28T21:41:32 IST">
  <testcase classname="test_NG.test_NG.Group1" name="Mymethod10" time="0.076"/>
  <testcase classname="test_NG.test_NG.Group1" name="Mymethod11" time="0.045"/>
  <testcase classname="test_NG.test_NG.Group1" name="Mymethod6" time="0.009"/>
  <testcase classname="test_NG.test_NG.Group1" name="Mymethod8" time="0.014"/>
  <testcase classname="test_NG.test_NG.Group2" name="Mymethod5" time="0.015">
    <failure type="java.lang.AssertionError" message="null">
      <![CDATA[java.lang.AssertionError: null
at test_NG.test_NG.Group2.Mymethod5(Group2.java:36)
at java.base/java.util.ArrayList.forEach(ArrayList.java:1511)
... Removed 29 stack frames]]>
    </failure>
  </testcase> <!-- Mymethod5 -->
  <testcase classname="test_NG.test_NG.Group2" name="Mymethod4" time="0.001">
    <skipped/>
  </testcase> <!-- Mymethod4 -->
  <testcase classname="test_NG.test_NG.Group2" name="Mymethod2" time="0.013"/>
  <testcase classname="test_NG.test_NG.Group1" name="Mymethod9" time="0.0">
    <ignored/>
  </testcase> <!-- Mymethod9 -->
  <testcase classname="test_NG.test_NG.Group1" name="Mymethod7" time="0.0">
    <ignored/>
  </testcase> <!-- Mymethod7 -->
  <testcase classname="test_NG.test_NG.Group2" name="Mymethod1" time="0.0">
    <ignored/>
  </testcase> <!-- Mymethod1 -->
  <testcase classname="test_NG.test_NG.Group2" name="Mymethod3" time="0.0">
    <ignored/>
  </testcase> <!-- Mymethod3 -->
</testsuite> <!-- Test -->
