<?xml version="1.0" encoding="UTF-8"?>
<testng-results ignored="0" total="1" passed="1" failed="0" skipped="0">
  <reporter-output>
    <line>
      <![CDATA[Method-1 is running ....]]>
    </line>
  </reporter-output>
  <suite started-at="2023-06-26T22:27:26 IST" name="Failed suite [Failed suite [Suite]]" finished-at="2023-06-26T22:27:27 IST" duration-ms="774">
    <groups>
    </groups>
    <test started-at="2023-06-26T22:27:26 IST" name="Test(failed)(failed)" finished-at="2023-06-26T22:27:27 IST" duration-ms="774">
      <class name="test_NG1.ExcludeMethods">
        <test-method signature="Method1()[pri:9, instance:test_NG1.ExcludeMethods@17f9d882]" started-at="2023-06-26T22:27:27 IST" name="Method1" finished-at="2023-06-26T22:27:27 IST" duration-ms="114" status="PASS">
          <reporter-output>
            <line>
              <![CDATA[Method-1 is running ....]]>
            </line>
          </reporter-output>
        </test-method> <!-- Method1 -->
      </class> <!-- test_NG1.ExcludeMethods -->
    </test> <!-- Test(failed)(failed) -->
  </suite> <!-- Failed suite [Failed suite [Suite]] -->
</testng-results>
